#
# There is insufficient memory for the Java Runtime Environment to continue.
# Native memory allocation (malloc) failed to allocate 1048576 bytes. Error detail: AllocateHeap
# Possible reasons:
#   The system is out of physical RAM or swap space
#   This process is running with CompressedOops enabled, and the Java Heap may be blocking the growth of the native heap
# Possible solutions:
#   Reduce memory load on the system
#   Increase physical memory or swap space
#   Check if swap backing store is full
#   Decrease Java heap size (-Xmx/-Xms)
#   Decrease number of Java threads
#   Decrease Java thread stack sizes (-Xss)
#   Set larger code cache with -XX:ReservedCodeCacheSize=
#   JVM is running with Unscaled Compressed Oops mode in which the Java heap is
#     placed in the first 4GB address space. The Java Heap base address is the
#     maximum limit for the native heap growth. Please use -XX:HeapBaseMinAddress
#     to set the Java Heap base and to place the Java Heap above 4GB virtual address.
# This output file may be truncated or incomplete.
#
#  Out of Memory Error (allocation.cpp:44), pid=14748, tid=17224
#
# JRE version:  (17.0.11+9) (build )
# Java VM: OpenJDK 64-Bit Server VM (17.0.11+9, mixed mode, tiered, compressed oops, compressed class ptrs, parallel gc, windows-amd64)
# No core dump will be written. Minidumps are not enabled by default on client versions of Windows
#

---------------  S U M M A R Y ------------

Command Line: --add-modules=ALL-SYSTEM --add-opens=java.base/java.util=ALL-UNNAMED --add-opens=java.base/java.lang=ALL-UNNAMED --add-opens=java.base/sun.nio.fs=ALL-UNNAMED -Declipse.application=org.eclipse.jdt.ls.core.id1 -Dosgi.bundles.defaultStartLevel=4 -Declipse.product=org.eclipse.jdt.ls.core.product -Djava.import.generatesMetadataFilesAtProjectRoot=false -DDetectVMInstallationsJob.disabled=true -Dfile.encoding=utf8 -XX:+UseParallelGC -XX:GCTimeRatio=4 -XX:AdaptiveSizePolicyWeight=90 -Dsun.zip.disableMemoryMapping=true -Xmx1G -Xms100m -Xlog:disable -javaagent:c:\Users\vinay yadav\.vscode\extensions\redhat.java-1.33.0-win32-x64\lombok\lombok-1.18.33.jar c:\Users\vinay yadav\.vscode\extensions\redhat.java-1.33.0-win32-x64\server\plugins\org.eclipse.equinox.launcher_1.6.900.v20240613-2009.jar -configuration c:\Users\vinay yadav\AppData\Roaming\Code\User\globalStorage\redhat.java\1.33.0\config_ss_win -data c:\Users\vinay yadav\AppData\Roaming\Code\User\workspaceStorage\579c772353fd5ff763082524cc126058\redhat.java\ss_ws --pipe=\\.\pipe\lsp-a56725eba4f474ba5ff742db6548b8db-sock

Host: Intel(R) Core(TM) i5-9300H CPU @ 2.40GHz, 8 cores, 7G,  Windows 11 , 64 bit Build 22621 (10.0.22621.3958)
Time: Sat Aug 24 07:07:16 2024 Tonga Standard Time elapsed time: 0.233137 seconds (0d 0h 0m 0s)

---------------  T H R E A D  ---------------

Current thread (0x00000230b75d3100):  JavaThread "Unknown thread" [_thread_in_vm, id=17224, stack(0x000000d680800000,0x000000d680900000)]

Stack: [0x000000d680800000,0x000000d680900000]
Native frames: (J=compiled Java code, j=interpreted, Vv=VM code, C=native code)
V  [jvm.dll+0x67d429]
V  [jvm.dll+0x834b7a]
V  [jvm.dll+0x83663e]
V  [jvm.dll+0x836ca3]
V  [jvm.dll+0x247dbf]
V  [jvm.dll+0xa6cb3]
V  [jvm.dll+0x6baf63]
V  [jvm.dll+0x6bbadf]
V  [jvm.dll+0x689b58]
V  [jvm.dll+0x806c4b]
V  [jvm.dll+0x36c5e4]
V  [jvm.dll+0x7e4f56]
V  [jvm.dll+0x3efdcf]
V  [jvm.dll+0x3f1921]
C  [jli.dll+0x528f]
C  [ucrtbase.dll+0x29333]
C  [KERNEL32.DLL+0x1257d]
C  [ntdll.dll+0x5af28]


---------------  P R O C E S S  ---------------

Threads class SMR info:
_java_thread_list=0x00007ffe2192eed8, length=0, elements={
}

Java Threads: ( => current thread )

Other Threads:
  0x00000230b75e4f10 GCTaskThread "GC Thread#0" [stack: 0x000000d680900000,0x000000d680a00000] [id=5248]

=>0x00000230b75d3100 (exited) JavaThread "Unknown thread" [_thread_in_vm, id=17224, stack(0x000000d680800000,0x000000d680900000)]

Threads with active compile tasks:

VM state: not at safepoint (normal execution)

VM Mutex/Monitor currently owned by a thread: None

Heap address: 0x00000000c0000000, size: 1024 MB, Compressed Oops mode: 32-bit

CDS archive(s) not mapped
Compressed class space mapped at: 0x0000000100000000-0x0000000140000000, reserved size: 1073741824
Narrow klass base: 0x0000000000000000, Narrow klass shift: 3, Narrow klass range: 0x140000000

GC Precious Log:
 CPUs: 8 total, 8 available
 Memory: 8029M
 Large Page Support: Disabled
 NUMA Support: Disabled
 Compressed Oops: Enabled (32-bit)
 Alignments: Space 512K, Generation 512K, Heap 2M
 Heap Min Capacity: 100M
 Heap Initial Capacity: 100M
 Heap Max Capacity: 1G
 Pre-touch: Disabled
 Parallel Workers: 8

Heap:
 PSYoungGen      total 29696K, used 512K [0x00000000eab00000, 0x00000000ecc00000, 0x0000000100000000)
  eden space 25600K, 2% used [0x00000000eab00000,0x00000000eab80070,0x00000000ec400000)
  from space 4096K, 0% used [0x00000000ec800000,0x00000000ec800000,0x00000000ecc00000)
  to   space 4096K, 0% used [0x00000000ec400000,0x00000000ec400000,0x00000000ec800000)
 ParOldGen       total 68608K, used 0K [0x00000000c0000000, 0x00000000c4300000, 0x00000000eab00000)
  object space 68608K, 0% used [0x00000000c0000000,0x00000000c0000000,0x00000000c4300000)
 Metaspace       used 1149K, committed 1216K, reserved 1114112K
  class space    used 101K, committed 128K, reserved 1048576K

Card table byte_map: [0x00000230cac50000,0x00000230cae60000] _byte_map_base: 0x00000230ca650000

Marking Bits: (ParMarkBitMap*) 0x00007ffe2199d820
 Begin Bits: [0x00000230cafc0000, 0x00000230cbfc0000)
 End Bits:   [0x00000230cbfc0000, 0x00000230ccfc0000)

Polling page: 0x00000230b7680000

Metaspace:

Usage:
  Non-class:      1.02 MB used.
      Class:    101.05 KB used.
       Both:      1.12 MB used.

Virtual space:
  Non-class space:       64.00 MB reserved,       1.06 MB (  2%) committed,  1 nodes.
      Class space:        1.00 GB reserved,     128.00 KB ( <1%) committed,  1 nodes.
             Both:        1.06 GB reserved,       1.19 MB ( <1%) committed. 

Chunk freelists:
   Non-Class:  12.00 MB
       Class:  15.75 MB
        Both:  27.75 MB

MaxMetaspaceSize: unlimited
CompressedClassSpaceSize: 1.00 GB
Initial GC threshold: 21.00 MB
Current GC threshold: 17179869184.00 GB
CDS: off
MetaspaceReclaimPolicy: balanced
 - commit_granule_bytes: 65536.
 - commit_granule_words: 8192.
 - virtual_space_node_default_size: 8388608.
 - enlarge_chunks_in_place: 1.
 - new_chunks_are_fully_committed: 0.
 - uncommit_free_chunks: 1.
 - use_allocation_guard: 0.
 - handle_deallocations: 1.


Internal statistics:

num_allocs_failed_limit: 0.
num_arena_births: 2.
num_arena_deaths: 0.
num_vsnodes_births: 2.
num_vsnodes_deaths: 0.
num_space_committed: 19.
num_space_uncommitted: 0.
num_chunks_returned_to_freelist: 0.
num_chunks_taken_from_freelist: 3.
num_chunk_merges: 0.
num_chunk_splits: 2.
num_chunks_enlarged: 0.
num_inconsistent_stats: 0.

CodeHeap 'non-profiled nmethods': size=120000Kb used=0Kb max_used=0Kb free=120000Kb
 bounds [0x00000230c3540000, 0x00000230c37b0000, 0x00000230caa70000]
CodeHeap 'profiled nmethods': size=120000Kb used=0Kb max_used=0Kb free=120000Kb
 bounds [0x00000230bba70000, 0x00000230bbce0000, 0x00000230c2fa0000]
CodeHeap 'non-nmethods': size=5760Kb used=202Kb max_used=353Kb free=5557Kb
 bounds [0x00000230c2fa0000, 0x00000230c3210000, 0x00000230c3540000]
 total_blobs=66 nmethods=0 adapters=47
 compilation: enabled
              stopped_count=0, restarted_count=0
 full_count=0

Compilation events (0 events):
No events

GC Heap History (0 events):
No events

Dll operation events (1 events):
Event: 0.073 Loaded shared library c:\Users\vinay yadav\.vscode\extensions\redhat.java-1.33.0-win32-x64\jre\17.0.11-win32-x86_64\bin\java.dll

Deoptimization events (0 events):
No events

Classes unloaded (0 events):
No events

Classes redefined (0 events):
No events

Internal exceptions (0 events):
No events

VM Operations (0 events):
No events

Events (20 events):
Event: 0.200 loading class java/lang/Long
Event: 0.202 loading class java/lang/Long done
Event: 0.202 loading class java/util/Iterator
Event: 0.202 loading class java/util/Iterator done
Event: 0.202 loading class java/lang/reflect/RecordComponent
Event: 0.203 loading class java/lang/reflect/RecordComponent done
Event: 0.203 loading class jdk/internal/vm/vector/VectorSupport
Event: 0.203 loading class jdk/internal/vm/vector/VectorSupport done
Event: 0.203 loading class jdk/internal/vm/vector/VectorSupport$VectorPayload
Event: 0.203 loading class jdk/internal/vm/vector/VectorSupport$VectorPayload done
Event: 0.203 loading class jdk/internal/vm/vector/VectorSupport$Vector
Event: 0.203 loading class jdk/internal/vm/vector/VectorSupport$Vector done
Event: 0.203 loading class jdk/internal/vm/vector/VectorSupport$VectorMask
Event: 0.203 loading class jdk/internal/vm/vector/VectorSupport$VectorMask done
Event: 0.203 loading class jdk/internal/vm/vector/VectorSupport$VectorShuffle
Event: 0.203 loading class jdk/internal/vm/vector/VectorSupport$VectorShuffle done
Event: 0.208 loading class java/lang/NullPointerException
Event: 0.208 loading class java/lang/NullPointerException done
Event: 0.209 loading class java/lang/ArithmeticException
Event: 0.209 loading class java/lang/ArithmeticException done


Dynamic libraries:
0x00007ff7549b0000 - 0x00007ff7549be000 	c:\Users\vinay yadav\.vscode\extensions\redhat.java-1.33.0-win32-x64\jre\17.0.11-win32-x86_64\bin\java.exe
0x00007ffedb850000 - 0x00007ffedba67000 	C:\WINDOWS\SYSTEM32\ntdll.dll
0x00007ffed9810000 - 0x00007ffed98d4000 	C:\WINDOWS\System32\KERNEL32.DLL
0x00007ffed8e00000 - 0x00007ffed91ad000 	C:\WINDOWS\System32\KERNELBASE.dll
0x00007ffed9460000 - 0x00007ffed9571000 	C:\WINDOWS\System32\ucrtbase.dll
0x00007ffed2560000 - 0x00007ffed2577000 	c:\Users\vinay yadav\.vscode\extensions\redhat.java-1.33.0-win32-x64\jre\17.0.11-win32-x86_64\bin\jli.dll
0x00007ffed2480000 - 0x00007ffed249b000 	c:\Users\vinay yadav\.vscode\extensions\redhat.java-1.33.0-win32-x64\jre\17.0.11-win32-x86_64\bin\VCRUNTIME140.dll
0x00007ffed9c80000 - 0x00007ffed9e2e000 	C:\WINDOWS\System32\USER32.dll
0x00007ffed9430000 - 0x00007ffed9456000 	C:\WINDOWS\System32\win32u.dll
0x00007ffec17d0000 - 0x00007ffec1a63000 	C:\WINDOWS\WinSxS\amd64_microsoft.windows.common-controls_6595b64144ccf1df_6.0.22621.3672_none_2713b9d173822955\COMCTL32.dll
0x00007ffed9a10000 - 0x00007ffed9a39000 	C:\WINDOWS\System32\GDI32.dll
0x00007ffed8c30000 - 0x00007ffed8d49000 	C:\WINDOWS\System32\gdi32full.dll
0x00007ffed9390000 - 0x00007ffed942a000 	C:\WINDOWS\System32\msvcp_win.dll
0x00007ffedab50000 - 0x00007ffedabf7000 	C:\WINDOWS\System32\msvcrt.dll
0x00007ffed9c20000 - 0x00007ffed9c51000 	C:\WINDOWS\System32\IMM32.DLL
0x00007ffed2550000 - 0x00007ffed255c000 	c:\Users\vinay yadav\.vscode\extensions\redhat.java-1.33.0-win32-x64\jre\17.0.11-win32-x86_64\bin\vcruntime140_1.dll
0x00007ffeb1090000 - 0x00007ffeb111d000 	c:\Users\vinay yadav\.vscode\extensions\redhat.java-1.33.0-win32-x64\jre\17.0.11-win32-x86_64\bin\msvcp140.dll
0x00007ffe20e00000 - 0x00007ffe21a62000 	c:\Users\vinay yadav\.vscode\extensions\redhat.java-1.33.0-win32-x64\jre\17.0.11-win32-x86_64\bin\server\jvm.dll
0x00007ffed9b60000 - 0x00007ffed9c12000 	C:\WINDOWS\System32\ADVAPI32.dll
0x00007ffedb410000 - 0x00007ffedb4b9000 	C:\WINDOWS\System32\sechost.dll
0x00007ffed8d50000 - 0x00007ffed8d78000 	C:\WINDOWS\System32\bcrypt.dll
0x00007ffed9690000 - 0x00007ffed97a4000 	C:\WINDOWS\System32\RPCRT4.dll
0x00007ffed7a20000 - 0x00007ffed7a6d000 	C:\WINDOWS\SYSTEM32\POWRPROF.dll
0x00007ffed2620000 - 0x00007ffed262a000 	C:\WINDOWS\SYSTEM32\VERSION.dll
0x00007ffed2540000 - 0x00007ffed2549000 	C:\WINDOWS\SYSTEM32\WSOCK32.dll
0x00007ffedb4c0000 - 0x00007ffedb531000 	C:\WINDOWS\System32\WS2_32.dll
0x00007ffed0570000 - 0x00007ffed05a4000 	C:\WINDOWS\SYSTEM32\WINMM.dll
0x00007ffed79e0000 - 0x00007ffed79f3000 	C:\WINDOWS\SYSTEM32\UMPDC.dll
0x00007ffed7c90000 - 0x00007ffed7ca8000 	C:\WINDOWS\SYSTEM32\kernel.appcore.dll
0x00007ffed2470000 - 0x00007ffed247a000 	c:\Users\vinay yadav\.vscode\extensions\redhat.java-1.33.0-win32-x64\jre\17.0.11-win32-x86_64\bin\jimage.dll
0x00007ffec7180000 - 0x00007ffec73b2000 	C:\WINDOWS\SYSTEM32\DBGHELP.DLL
0x00007ffedac00000 - 0x00007ffedaf8d000 	C:\WINDOWS\System32\combase.dll
0x00007ffed98e0000 - 0x00007ffed99b7000 	C:\WINDOWS\System32\OLEAUT32.dll
0x00007ffec6f80000 - 0x00007ffec6fb2000 	C:\WINDOWS\SYSTEM32\dbgcore.DLL
0x00007ffed8d80000 - 0x00007ffed8dfb000 	C:\WINDOWS\System32\bcryptPrimitives.dll
0x00007ffed2460000 - 0x00007ffed246e000 	c:\Users\vinay yadav\.vscode\extensions\redhat.java-1.33.0-win32-x64\jre\17.0.11-win32-x86_64\bin\instrument.dll
0x00007ffeb5920000 - 0x00007ffeb5945000 	c:\Users\vinay yadav\.vscode\extensions\redhat.java-1.33.0-win32-x64\jre\17.0.11-win32-x86_64\bin\java.dll
0x00007ffebffb0000 - 0x00007ffebffc8000 	c:\Users\vinay yadav\.vscode\extensions\redhat.java-1.33.0-win32-x64\jre\17.0.11-win32-x86_64\bin\zip.dll

dbghelp: loaded successfully - version: 4.0.5 - missing functions: none
symbol engine: initialized successfully - sym options: 0x614 - pdb path: .;c:\Users\vinay yadav\.vscode\extensions\redhat.java-1.33.0-win32-x64\jre\17.0.11-win32-x86_64\bin;C:\WINDOWS\SYSTEM32;C:\WINDOWS\WinSxS\amd64_microsoft.windows.common-controls_6595b64144ccf1df_6.0.22621.3672_none_2713b9d173822955;c:\Users\vinay yadav\.vscode\extensions\redhat.java-1.33.0-win32-x64\jre\17.0.11-win32-x86_64\bin\server

VM Arguments:
jvm_args: --add-modules=ALL-SYSTEM --add-opens=java.base/java.util=ALL-UNNAMED --add-opens=java.base/java.lang=ALL-UNNAMED --add-opens=java.base/sun.nio.fs=ALL-UNNAMED -Declipse.application=org.eclipse.jdt.ls.core.id1 -Dosgi.bundles.defaultStartLevel=4 -Declipse.product=org.eclipse.jdt.ls.core.product -Djava.import.generatesMetadataFilesAtProjectRoot=false -DDetectVMInstallationsJob.disabled=true -Dfile.encoding=utf8 -XX:+UseParallelGC -XX:GCTimeRatio=4 -XX:AdaptiveSizePolicyWeight=90 -Dsun.zip.disableMemoryMapping=true -Xmx1G -Xms100m -Xlog:disable -javaagent:c:\Users\vinay yadav\.vscode\extensions\redhat.java-1.33.0-win32-x64\lombok\lombok-1.18.33.jar 
java_command: c:\Users\vinay yadav\.vscode\extensions\redhat.java-1.33.0-win32-x64\server\plugins\org.eclipse.equinox.launcher_1.6.900.v20240613-2009.jar -configuration c:\Users\vinay yadav\AppData\Roaming\Code\User\globalStorage\redhat.java\1.33.0\config_ss_win -data c:\Users\vinay yadav\AppData\Roaming\Code\User\workspaceStorage\579c772353fd5ff763082524cc126058\redhat.java\ss_ws --pipe=\\.\pipe\lsp-a56725eba4f474ba5ff742db6548b8db-sock
java_class_path (initial): c:\Users\vinay yadav\.vscode\extensions\redhat.java-1.33.0-win32-x64\server\plugins\org.eclipse.equinox.launcher_1.6.900.v20240613-2009.jar
Launcher Type: SUN_STANDARD

[Global flags]
    uintx AdaptiveSizePolicyWeight                 = 90                                        {product} {command line}
     intx CICompilerCount                          = 4                                         {product} {ergonomic}
    uintx GCTimeRatio                              = 4                                         {product} {command line}
   size_t InitialHeapSize                          = 104857600                                 {product} {command line}
   size_t MaxHeapSize                              = 1073741824                                {product} {command line}
   size_t MaxNewSize                               = 357564416                                 {product} {ergonomic}
   size_t MinHeapDeltaBytes                        = 524288                                    {product} {ergonomic}
   size_t MinHeapSize                              = 104857600                                 {product} {command line}
   size_t NewSize                                  = 34603008                                  {product} {ergonomic}
    uintx NonNMethodCodeHeapSize                   = 5839372                                {pd product} {ergonomic}
    uintx NonProfiledCodeHeapSize                  = 122909434                              {pd product} {ergonomic}
   size_t OldSize                                  = 70254592                                  {product} {ergonomic}
    uintx ProfiledCodeHeapSize                     = 122909434                              {pd product} {ergonomic}
    uintx ReservedCodeCacheSize                    = 251658240                              {pd product} {ergonomic}
     bool SegmentedCodeCache                       = true                                      {product} {ergonomic}
   size_t SoftMaxHeapSize                          = 1073741824                             {manageable} {ergonomic}
     bool UseCompressedClassPointers               = true                           {product lp64_product} {ergonomic}
     bool UseCompressedOops                        = true                           {product lp64_product} {ergonomic}
     bool UseLargePagesIndividualAllocation        = false                                  {pd product} {ergonomic}
     bool UseParallelGC                            = true                                      {product} {command line}

Logging:
Log output configuration:
 #0: stdout all=off uptime,level,tags
 #1: stderr all=off uptime,level,tags

Environment Variables:
PATH=C:\Program Files\Common Files\Oracle\Java\javapath;C:\Windows\system32;C:\Windows;C:\Windows\System32\Wbem;C:\Windows\System32\WindowsPowerShell\v1.0\;C:\Windows\System32\OpenSSH\;C:\Program Files (x86)\NVIDIA Corporation\PhysX\Common;C:\Program Files\NVIDIA Corporation\NVIDIA NvDLISR;C:\WINDOWS\system32;C:\WINDOWS;C:\WINDOWS\System32\Wbem;C:\WINDOWS\System32\WindowsPowerShell\v1.0\;C:\WINDOWS\System32\OpenSSH\;C:\Program Files\MySQL\MySQL Server 8.0\bin;C:\Program Files\Git\cmd;C:\Program Files\MySQL\MySQL Shell 8.0\bin\;C:\Users\vinay yadav\AppData\Local\Microsoft\WindowsApps;C:\Users\vinay yadav\AppData\Local\Programs\Microsoft VS Code\bin;
USERNAME=vinay yadav
OS=Windows_NT
PROCESSOR_IDENTIFIER=Intel64 Family 6 Model 158 Stepping 10, GenuineIntel
TMP=C:\Users\VINAYY~1\AppData\Local\Temp
TEMP=C:\Users\VINAYY~1\AppData\Local\Temp



Periodic native trim disabled


---------------  S Y S T E M  ---------------

OS:
 Windows 11 , 64 bit Build 22621 (10.0.22621.3958)
OS uptime: 0 days 1:15 hours

CPU: total 8 (initial active 8) (4 cores per cpu, 2 threads per core) family 6 model 158 stepping 10 microcode 0xde, cx8, cmov, fxsr, ht, mmx, 3dnowpref, sse, sse2, sse3, ssse3, sse4.1, sse4.2, popcnt, lzcnt, tsc, tscinvbit, avx, avx2, aes, erms, clmul, bmi1, bmi2, adx, fma, vzeroupper, clflush, clflushopt
Processor Information for all 8 processors :
  Max Mhz: 2400, Current Mhz: 2400, Mhz Limit: 2400

Memory: 4k page, system-wide physical 8029M (1590M free)
TotalPageFile size 9053M (AvailPageFile size 12M)
current process WorkingSet (physical memory assigned to process): 16M, peak: 16M
current process commit charge ("private bytes"): 175M, peak: 176M

vm_info: OpenJDK 64-Bit Server VM (17.0.11+9) for windows-amd64 JRE (17.0.11+9), built on Apr 17 2024 06:07:48 by "admin" with MS VC++ 16.10 / 16.11 (VS2019)

END.
